TN:
SF:C:\mywebsites\Banka-1\server/index.js
FN:14,(anonymous_1)
FN:21,(anonymous_2)
FNF:2
FNH:1
FNDA:0,(anonymous_1)
FNDA:1,(anonymous_2)
DA:1,1
DA:2,1
DA:3,1
DA:4,1
DA:6,1
DA:7,1
DA:8,1
DA:10,1
DA:11,1
DA:12,1
DA:14,1
DA:15,0
DA:21,1
DA:22,1
DA:25,1
LF:15
LH:14
BRDA:8,0,0,1
BRDA:8,0,1,1
BRF:2
BRH:2
end_of_record
TN:
SF:C:\mywebsites\Banka-1\server\controllers/accountController.js
FN:4,(anonymous_1)
FN:29,(anonymous_2)
FN:59,(anonymous_3)
FN:76,(anonymous_4)
FN:86,(anonymous_5)
FN:102,(anonymous_6)
FN:128,(anonymous_7)
FN:142,(anonymous_8)
FNF:8
FNH:0
FNDA:0,(anonymous_1)
FNDA:0,(anonymous_2)
FNDA:0,(anonymous_3)
FNDA:0,(anonymous_4)
FNDA:0,(anonymous_5)
FNDA:0,(anonymous_6)
FNDA:0,(anonymous_7)
FNDA:0,(anonymous_8)
DA:1,1
DA:5,0
DA:7,0
DA:8,0
DA:9,0
DA:10,0
DA:11,0
DA:14,0
DA:15,0
DA:30,0
DA:31,0
DA:32,0
DA:33,0
DA:38,0
DA:40,0
DA:41,0
DA:42,0
DA:47,0
DA:49,0
DA:50,0
DA:60,0
DA:62,0
DA:63,0
DA:64,0
DA:69,0
DA:70,0
DA:77,0
DA:79,0
DA:80,0
DA:81,0
DA:86,0
DA:89,0
DA:90,0
DA:94,0
DA:103,0
DA:105,0
DA:106,0
DA:107,0
DA:114,0
DA:115,0
DA:130,0
DA:131,0
DA:132,0
DA:133,0
DA:134,0
DA:135,0
DA:136,0
DA:137,0
DA:142,0
DA:145,0
DA:146,0
DA:150,0
LF:52
LH:1
BRDA:32,0,0,0
BRDA:32,0,1,0
BRDA:41,1,0,0
BRDA:41,1,1,0
BRDA:47,2,0,0
BRDA:47,2,1,0
BRDA:63,3,0,0
BRDA:63,3,1,0
BRDA:80,4,0,0
BRDA:80,4,1,0
BRDA:106,5,0,0
BRDA:106,5,1,0
BRDA:131,6,0,0
BRDA:131,6,1,0
BRDA:133,7,0,0
BRDA:133,7,1,0
BRDA:136,8,0,0
BRDA:136,8,1,0
BRF:18
BRH:0
end_of_record
TN:
SF:C:\mywebsites\Banka-1\server\controllers/transactionController.js
FN:6,(anonymous_1)
FN:71,(anonymous_2)
FN:130,(anonymous_3)
FN:193,(anonymous_4)
FNF:4
FNH:0
FNDA:0,(anonymous_1)
FNDA:0,(anonymous_2)
FNDA:0,(anonymous_3)
FNDA:0,(anonymous_4)
DA:1,1
DA:2,1
DA:3,1
DA:7,0
DA:8,0
DA:9,0
DA:10,0
DA:15,0
DA:17,0
DA:18,0
DA:20,0
DA:23,0
DA:24,0
DA:30,0
DA:31,0
DA:32,0
DA:33,0
DA:35,0
DA:38,0
DA:39,0
DA:41,0
DA:57,0
DA:58,0
DA:72,0
DA:73,0
DA:74,0
DA:75,0
DA:80,0
DA:82,0
DA:83,0
DA:85,0
DA:88,0
DA:89,0
DA:90,0
DA:91,0
DA:92,0
DA:95,0
DA:97,0
DA:99,0
DA:115,0
DA:117,0
DA:131,0
DA:132,0
DA:133,0
DA:135,0
DA:136,0
DA:141,0
DA:142,0
DA:145,0
DA:146,0
DA:148,0
DA:151,0
DA:152,0
DA:158,0
DA:159,0
DA:160,0
DA:161,0
DA:163,0
DA:164,0
DA:165,0
DA:170,0
DA:171,0
DA:173,0
DA:174,0
DA:178,0
DA:180,0
DA:194,0
DA:196,0
DA:197,0
DA:198,0
DA:205,0
DA:206,0
LF:72
LH:3
BRDA:9,0,0,0
BRDA:9,0,1,0
BRDA:23,1,0,0
BRDA:23,1,1,0
BRDA:74,2,0,0
BRDA:74,2,1,0
BRDA:135,3,0,0
BRDA:135,3,1,0
BRDA:135,4,0,0
BRDA:135,4,1,0
BRDA:151,5,0,0
BRDA:151,5,1,0
BRDA:163,6,0,0
BRDA:163,6,1,0
BRDA:164,7,0,0
BRDA:164,7,1,0
BRDA:197,8,0,0
BRDA:197,8,1,0
BRF:18
BRH:0
end_of_record
TN:
SF:C:\mywebsites\Banka-1\server\controllers/userController.js
FN:13,(anonymous_1)
FN:50,(anonymous_2)
FN:89,(anonymous_3)
FN:126,(anonymous_4)
FN:173,(anonymous_5)
FN:195,(anonymous_6)
FN:209,(anonymous_7)
FN:231,(anonymous_8)
FN:240,(anonymous_9)
FN:258,(anonymous_10)
FN:267,(anonymous_11)
FN:285,(anonymous_12)
FN:301,(anonymous_13)
FN:315,(anonymous_14)
FN:332,(anonymous_15)
FNF:15
FNH:1
FNDA:1,(anonymous_1)
FNDA:0,(anonymous_2)
FNDA:0,(anonymous_3)
FNDA:0,(anonymous_4)
FNDA:0,(anonymous_5)
FNDA:0,(anonymous_6)
FNDA:0,(anonymous_7)
FNDA:0,(anonymous_8)
FNDA:0,(anonymous_9)
FNDA:0,(anonymous_10)
FNDA:0,(anonymous_11)
FNDA:0,(anonymous_12)
FNDA:0,(anonymous_13)
FNDA:0,(anonymous_14)
FNDA:0,(anonymous_15)
DA:1,1
DA:2,1
DA:3,1
DA:4,1
DA:5,1
DA:6,1
DA:7,1
DA:9,1
DA:10,1
DA:14,1
DA:16,1
DA:18,1
DA:19,1
DA:20,1
DA:26,0
DA:27,0
DA:29,0
DA:35,0
DA:37,0
DA:41,0
DA:44,0
DA:51,0
DA:53,0
DA:55,0
DA:56,0
DA:57,0
DA:64,0
DA:65,0
DA:67,0
DA:73,0
DA:75,0
DA:79,0
DA:83,0
DA:90,0
DA:92,0
DA:94,0
DA:95,0
DA:96,0
DA:103,0
DA:104,0
DA:106,0
DA:111,0
DA:113,0
DA:117,0
DA:121,0
DA:127,0
DA:128,0
DA:129,0
DA:130,0
DA:131,0
DA:136,0
DA:137,0
DA:138,0
DA:143,0
DA:150,0
DA:151,0
DA:152,0
DA:155,0
DA:166,0
DA:174,0
DA:176,0
DA:177,0
DA:178,0
DA:184,0
DA:185,0
DA:187,0
DA:189,0
DA:190,0
DA:195,0
DA:198,0
DA:199,0
DA:203,0
DA:210,0
DA:212,0
DA:213,0
DA:214,0
DA:220,0
DA:221,0
DA:222,0
DA:223,0
DA:224,0
DA:225,0
DA:232,0
DA:233,0
DA:234,0
DA:235,0
DA:240,0
DA:241,0
DA:242,0
DA:243,0
DA:248,0
DA:251,0
DA:252,0
DA:259,0
DA:260,0
DA:261,0
DA:262,0
DA:267,0
DA:268,0
DA:269,0
DA:270,0
DA:275,0
DA:278,0
DA:279,0
DA:286,0
DA:287,0
DA:298,0
DA:302,0
DA:303,0
DA:312,0
DA:316,0
DA:317,0
DA:325,0
DA:332,0
LF:114
LH:14
BRDA:19,0,0,1
BRDA:19,0,1,0
BRDA:56,1,0,0
BRDA:56,1,1,0
BRDA:95,2,0,0
BRDA:95,2,1,0
BRDA:130,3,0,0
BRDA:130,3,1,0
BRDA:137,4,0,0
BRDA:137,4,1,0
BRDA:177,5,0,0
BRDA:177,5,1,0
BRDA:189,6,0,0
BRDA:189,6,1,0
BRDA:213,7,0,0
BRDA:213,7,1,0
BRDA:234,8,0,0
BRDA:234,8,1,0
BRDA:241,9,0,0
BRDA:241,9,1,0
BRDA:261,10,0,0
BRDA:261,10,1,0
BRDA:268,11,0,0
BRDA:268,11,1,0
BRDA:332,12,0,0
BRDA:332,12,1,0
BRF:26
BRH:1
end_of_record
TN:
SF:C:\mywebsites\Banka-1\server\database/index.js
FN:10,(anonymous_1)
FNF:1
FNH:0
FNDA:0,(anonymous_1)
DA:1,1
DA:2,1
DA:4,1
DA:6,1
DA:8,1
DA:10,1
DA:11,0
DA:14,1
LF:8
LH:7
BRF:0
BRH:0
end_of_record
TN:
SF:C:\mywebsites\Banka-1\server\helpers/auth.js
FN:9,(anonymous_1)
FN:14,(anonymous_2)
FN:19,(anonymous_3)
FNF:3
FNH:0
FNDA:0,(anonymous_1)
FNDA:0,(anonymous_2)
FNDA:0,(anonymous_3)
DA:1,1
DA:2,1
DA:4,1
DA:5,1
DA:10,0
DA:11,0
DA:15,0
DA:16,0
DA:20,0
DA:21,0
LF:10
LH:4
BRF:0
BRH:0
end_of_record
TN:
SF:C:\mywebsites\Banka-1\server\helpers/bcrypt.js
FN:5,(anonymous_1)
FN:7,(anonymous_2)
FN:13,(anonymous_3)
FN:15,(anonymous_4)
FNF:4
FNH:1
FNDA:1,(anonymous_1)
FNDA:0,(anonymous_2)
FNDA:0,(anonymous_3)
FNDA:0,(anonymous_4)
DA:1,1
DA:2,1
DA:3,1
DA:5,1
DA:7,1
DA:8,1
DA:11,1
DA:13,1
DA:15,1
DA:16,0
DA:17,0
LF:11
LH:9
BRF:0
BRH:0
end_of_record
TN:
SF:C:\mywebsites\Banka-1\server\helpers/customErrorMsgs.js
FNF:0
FNH:0
DA:1,1
DA:14,1
LF:2
LH:2
BRF:0
BRH:0
end_of_record
TN:
SF:C:\mywebsites\Banka-1\server\helpers/generateAcctNo.js
FN:1,(anonymous_0)
FNF:1
FNH:0
FNDA:0,(anonymous_0)
DA:1,1
DA:2,0
DA:4,0
DA:5,0
DA:8,0
DA:9,0
DA:12,0
DA:15,1
LF:8
LH:2
BRDA:8,0,0,0
BRDA:8,0,1,0
BRF:2
BRH:0
end_of_record
TN:
SF:C:\mywebsites\Banka-1\server\middlewares/authentication.js
FN:3,(anonymous_1)
FN:33,(anonymous_2)
FN:44,(anonymous_3)
FNF:3
FNH:0
FNDA:0,(anonymous_1)
FNDA:0,(anonymous_2)
FNDA:0,(anonymous_3)
DA:1,1
DA:3,1
DA:4,0
DA:5,0
DA:6,0
DA:10,0
DA:13,0
DA:14,0
DA:15,0
DA:21,0
DA:22,0
DA:23,0
DA:24,0
DA:26,0
DA:33,1
DA:34,0
DA:35,0
DA:36,0
DA:41,0
DA:44,1
DA:45,0
DA:46,0
DA:47,0
DA:52,0
LF:24
LH:4
BRDA:5,0,0,0
BRDA:5,0,1,0
BRDA:14,1,0,0
BRDA:14,1,1,0
BRDA:35,2,0,0
BRDA:35,2,1,0
BRDA:46,3,0,0
BRDA:46,3,1,0
BRF:8
BRH:0
end_of_record
TN:
SF:C:\mywebsites\Banka-1\server\middlewares/validateAccount.js
FN:5,(anonymous_1)
FN:20,(anonymous_2)
FN:22,(anonymous_3)
FN:31,(anonymous_4)
FN:42,(anonymous_5)
FN:44,(anonymous_6)
FNF:6
FNH:0
FNDA:0,(anonymous_1)
FNDA:0,(anonymous_2)
FNDA:0,(anonymous_3)
FNDA:0,(anonymous_4)
FNDA:0,(anonymous_5)
FNDA:0,(anonymous_6)
DA:1,1
DA:2,1
DA:6,0
DA:7,0
DA:8,0
DA:10,0
DA:16,0
DA:20,0
DA:22,0
DA:23,0
DA:24,0
DA:32,0
DA:34,0
DA:38,0
DA:42,0
DA:44,0
DA:45,0
DA:46,0
LF:18
LH:2
BRF:0
BRH:0
end_of_record
TN:
SF:C:\mywebsites\Banka-1\server\middlewares/validateParams.js
FN:5,(anonymous_1)
FN:16,(anonymous_2)
FN:18,(anonymous_3)
FN:27,(anonymous_4)
FN:38,(anonymous_5)
FN:39,(anonymous_6)
FN:48,(anonymous_7)
FN:59,(anonymous_8)
FN:60,(anonymous_9)
FNF:9
FNH:0
FNDA:0,(anonymous_1)
FNDA:0,(anonymous_2)
FNDA:0,(anonymous_3)
FNDA:0,(anonymous_4)
FNDA:0,(anonymous_5)
FNDA:0,(anonymous_6)
FNDA:0,(anonymous_7)
FNDA:0,(anonymous_8)
FNDA:0,(anonymous_9)
DA:1,1
DA:2,1
DA:6,0
DA:8,0
DA:12,0
DA:16,0
DA:18,0
DA:19,0
DA:20,0
DA:28,0
DA:30,0
DA:34,0
DA:38,0
DA:39,0
DA:40,0
DA:41,0
DA:49,0
DA:51,0
DA:55,0
DA:59,0
DA:60,0
DA:61,0
DA:62,0
LF:23
LH:2
BRF:0
BRH:0
end_of_record
TN:
SF:C:\mywebsites\Banka-1\server\middlewares/validateTransaction.js
FN:5,(anonymous_1)
FN:15,(anonymous_2)
FN:16,(anonymous_3)
FNF:3
FNH:0
FNDA:0,(anonymous_1)
FNDA:0,(anonymous_2)
FNDA:0,(anonymous_3)
DA:1,1
DA:2,1
DA:6,0
DA:8,0
DA:12,0
DA:15,0
DA:16,0
DA:17,0
DA:18,0
LF:9
LH:2
BRF:0
BRH:0
end_of_record
TN:
SF:C:\mywebsites\Banka-1\server\middlewares/validateUser.js
FN:5,(anonymous_1)
FN:17,(anonymous_2)
FN:18,(anonymous_3)
FN:27,(anonymous_4)
FN:38,(anonymous_5)
FN:39,(anonymous_6)
FN:48,(anonymous_7)
FN:60,(anonymous_8)
FN:61,(anonymous_9)
FNF:9
FNH:2
FNDA:0,(anonymous_1)
FNDA:0,(anonymous_2)
FNDA:0,(anonymous_3)
FNDA:1,(anonymous_4)
FNDA:1,(anonymous_5)
FNDA:0,(anonymous_6)
FNDA:0,(anonymous_7)
FNDA:0,(anonymous_8)
FNDA:0,(anonymous_9)
DA:1,1
DA:2,1
DA:6,0
DA:8,0
DA:13,0
DA:17,0
DA:18,0
DA:19,0
DA:20,0
DA:28,1
DA:30,1
DA:37,1
DA:38,1
DA:39,1
DA:40,0
DA:41,0
DA:49,0
DA:51,0
DA:59,0
DA:60,0
DA:61,0
DA:62,0
DA:63,0
LF:23
LH:7
BRF:0
BRH:0
end_of_record
TN:
SF:C:\mywebsites\Banka-1\server\models/accountModel.js
FN:5,(anonymous_1)
FN:16,(anonymous_2)
FN:28,(anonymous_3)
FN:35,(anonymous_4)
FN:42,(anonymous_5)
FN:49,(anonymous_6)
FN:60,(anonymous_7)
FN:70,(anonymous_8)
FN:80,(anonymous_9)
FNF:9
FNH:0
FNDA:0,(anonymous_1)
FNDA:0,(anonymous_2)
FNDA:0,(anonymous_3)
FNDA:0,(anonymous_4)
FNDA:0,(anonymous_5)
FNDA:0,(anonymous_6)
FNDA:0,(anonymous_7)
FNDA:0,(anonymous_8)
FNDA:0,(anonymous_9)
DA:1,1
DA:2,1
DA:6,0
DA:7,0
DA:8,0
DA:9,0
DA:10,0
DA:11,0
DA:12,0
DA:13,0
DA:17,0
DA:20,0
DA:24,0
DA:25,0
DA:29,0
DA:30,0
DA:31,0
DA:32,0
DA:36,0
DA:37,0
DA:38,0
DA:39,0
DA:43,0
DA:44,0
DA:45,0
DA:46,0
DA:50,0
DA:51,0
DA:52,0
DA:53,0
DA:54,0
DA:56,0
DA:61,0
DA:62,0
DA:63,0
DA:64,0
DA:66,0
DA:71,0
DA:72,0
DA:73,0
DA:74,0
DA:76,0
DA:81,0
DA:82,0
DA:83,0
DA:84,0
DA:86,0
LF:47
LH:2
BRF:0
BRH:0
end_of_record
TN:
SF:C:\mywebsites\Banka-1\server\models/transactionModel.js
FN:4,(anonymous_1)
FN:15,(anonymous_2)
FN:28,(anonymous_3)
FN:41,(anonymous_4)
FN:55,(anonymous_5)
FNF:5
FNH:0
FNDA:0,(anonymous_1)
FNDA:0,(anonymous_2)
FNDA:0,(anonymous_3)
FNDA:0,(anonymous_4)
FNDA:0,(anonymous_5)
DA:1,1
DA:5,0
DA:6,0
DA:7,0
DA:8,0
DA:9,0
DA:10,0
DA:11,0
DA:12,0
DA:16,0
DA:19,0
DA:23,0
DA:24,0
DA:25,0
DA:29,0
DA:32,0
DA:36,0
DA:37,0
DA:38,0
DA:42,0
DA:45,0
DA:50,0
DA:51,0
DA:52,0
DA:56,0
DA:57,0
DA:58,0
DA:59,0
DA:60,0
DA:62,0
LF:30
LH:1
BRF:0
BRH:0
end_of_record
TN:
SF:C:\mywebsites\Banka-1\server\models/userModel.js
FN:4,(anonymous_1)
FN:14,(anonymous_2)
FN:29,(anonymous_3)
FN:44,(anonymous_4)
FN:59,(anonymous_5)
FN:70,(anonymous_6)
FN:81,(anonymous_7)
FN:92,(anonymous_8)
FN:103,(anonymous_9)
FNF:9
FNH:2
FNDA:1,(anonymous_1)
FNDA:0,(anonymous_2)
FNDA:0,(anonymous_3)
FNDA:0,(anonymous_4)
FNDA:0,(anonymous_5)
FNDA:1,(anonymous_6)
FNDA:0,(anonymous_7)
FNDA:0,(anonymous_8)
FNDA:0,(anonymous_9)
DA:1,1
DA:5,1
DA:6,1
DA:7,1
DA:8,1
DA:9,1
DA:10,1
DA:11,1
DA:15,0
DA:16,0
DA:17,0
DA:19,0
DA:21,0
DA:22,0
DA:23,0
DA:25,0
DA:30,0
DA:31,0
DA:32,0
DA:34,0
DA:36,0
DA:37,0
DA:38,0
DA:40,0
DA:45,0
DA:46,0
DA:47,0
DA:49,0
DA:51,0
DA:52,0
DA:53,0
DA:55,0
DA:60,0
DA:61,0
DA:62,0
DA:63,0
DA:64,0
DA:66,0
DA:71,1
DA:72,1
DA:73,1
DA:74,1
DA:75,0
DA:77,1
DA:82,0
DA:83,0
DA:84,0
DA:85,0
DA:86,0
DA:88,0
DA:93,0
DA:94,0
DA:95,0
DA:96,0
DA:97,0
DA:99,0
DA:104,0
DA:105,0
DA:106,0
DA:107,0
DA:108,0
DA:110,0
LF:62
LH:13
BRF:0
BRH:0
end_of_record
TN:
SF:C:\mywebsites\Banka-1\server\routes/accountRoute.js
FNF:0
FNH:0
DA:1,1
DA:2,1
DA:3,1
DA:4,1
DA:5,1
DA:7,1
DA:11,1
DA:13,1
DA:20,1
DA:27,1
DA:33,1
DA:38,1
DA:43,1
DA:45,1
LF:14
LH:14
BRF:0
BRH:0
end_of_record
TN:
SF:C:\mywebsites\Banka-1\server\routes/index.js
FN:8,(anonymous_1)
FN:17,(anonymous_2)
FNF:2
FNH:0
FNDA:0,(anonymous_1)
FNDA:0,(anonymous_2)
DA:1,1
DA:2,1
DA:3,1
DA:4,1
DA:6,1
DA:8,1
DA:9,0
DA:14,1
DA:15,1
DA:16,1
DA:17,1
DA:18,0
DA:24,1
LF:13
LH:11
BRF:0
BRH:0
end_of_record
TN:
SF:C:\mywebsites\Banka-1\server\routes/transactionRoute.js
FNF:0
FNH:0
DA:1,1
DA:2,1
DA:3,1
DA:4,1
DA:5,1
DA:8,1
DA:11,1
DA:17,1
DA:23,1
DA:29,1
DA:33,1
LF:11
LH:11
BRF:0
BRH:0
end_of_record
TN:
SF:C:\mywebsites\Banka-1\server\routes/userRoute.js
FNF:0
FNH:0
DA:1,1
DA:2,1
DA:3,1
DA:4,1
DA:5,1
DA:8,1
DA:13,1
DA:15,1
DA:19,1
DA:23,1
DA:28,1
DA:32,1
DA:37,1
DA:38,1
DA:39,1
DA:41,1
LF:16
LH:16
BRF:0
BRH:0
end_of_record
TN:
SF:C:\mywebsites\Banka-1\server\tests/accountTest.js
FN:26,(anonymous_1)
FN:50,(anonymous_2)
FN:51,(anonymous_3)
FN:52,(anonymous_4)
FN:62,(anonymous_5)
FN:71,(anonymous_6)
FN:80,(anonymous_7)
FN:90,(anonymous_8)
FN:91,(anonymous_9)
FN:100,(anonymous_10)
FN:109,(anonymous_11)
FN:119,(anonymous_12)
FN:127,(anonymous_13)
FN:136,(anonymous_14)
FN:137,(anonymous_15)
FN:145,(anonymous_16)
FN:154,(anonymous_17)
FN:155,(anonymous_18)
FN:163,(anonymous_19)
FN:172,(anonymous_20)
FN:173,(anonymous_21)
FN:181,(anonymous_22)
FN:189,(anonymous_23)
FNF:23
FNH:7
FNDA:1,(anonymous_1)
FNDA:1,(anonymous_2)
FNDA:1,(anonymous_3)
FNDA:0,(anonymous_4)
FNDA:0,(anonymous_5)
FNDA:0,(anonymous_6)
FNDA:0,(anonymous_7)
FNDA:1,(anonymous_8)
FNDA:0,(anonymous_9)
FNDA:0,(anonymous_10)
FNDA:0,(anonymous_11)
FNDA:0,(anonymous_12)
FNDA:0,(anonymous_13)
FNDA:1,(anonymous_14)
FNDA:0,(anonymous_15)
FNDA:0,(anonymous_16)
FNDA:1,(anonymous_17)
FNDA:0,(anonymous_18)
FNDA:0,(anonymous_19)
FNDA:1,(anonymous_20)
FNDA:0,(anonymous_21)
FNDA:0,(anonymous_22)
FNDA:0,(anonymous_23)
DA:5,1
DA:6,1
DA:7,1
DA:8,1
DA:18,1
DA:19,1
DA:26,1
DA:27,1
DA:32,1
DA:34,0
DA:39,0
DA:41,0
DA:47,0
DA:50,1
DA:51,1
DA:52,1
DA:53,0
DA:57,0
DA:58,0
DA:59,0
DA:62,1
DA:63,0
DA:67,0
DA:68,0
DA:71,1
DA:72,0
DA:76,0
DA:77,0
DA:80,1
DA:81,0
DA:85,0
DA:86,0
DA:90,1
DA:91,1
DA:92,0
DA:96,0
DA:97,0
DA:100,1
DA:101,0
DA:105,0
DA:106,0
DA:109,1
DA:110,0
DA:114,0
DA:115,0
DA:119,1
DA:120,0
DA:123,0
DA:124,0
DA:127,1
DA:128,0
DA:131,0
DA:132,0
DA:136,1
DA:137,1
DA:138,0
DA:141,0
DA:142,0
DA:145,1
DA:146,0
DA:149,0
DA:150,0
DA:154,1
DA:155,1
DA:156,0
DA:159,0
DA:160,0
DA:163,1
DA:164,0
DA:167,0
DA:168,0
DA:172,1
DA:173,1
DA:174,0
DA:177,0
DA:178,0
DA:181,1
DA:182,0
DA:185,0
DA:186,0
DA:189,1
DA:190,0
DA:193,0
DA:194,0
LF:84
LH:31
BRF:0
BRH:0
end_of_record
TN:
SF:C:\mywebsites\Banka-1\server\tests/testData.js
FNF:0
FNH:0
DA:2,1
DA:6,1
DA:11,1
DA:18,1
DA:24,1
DA:30,1
DA:37,1
DA:44,1
DA:52,1
DA:60,1
DA:67,1
DA:75,1
DA:83,1
DA:91,1
DA:99,1
DA:106,1
DA:113,1
DA:121,1
DA:127,1
DA:134,1
DA:139,1
DA:146,1
DA:154,1
DA:162,1
DA:167,1
DA:171,1
DA:175,1
DA:181,1
DA:185,1
DA:189,1
DA:194,1
DA:198,1
DA:202,1
DA:207,1
DA:214,1
DA:221,1
LF:36
LH:36
BRF:0
BRH:0
end_of_record
TN:
SF:C:\mywebsites\Banka-1\server\tests/transactionTest.js
FN:27,(anonymous_1)
FN:60,(anonymous_2)
FN:61,(anonymous_3)
FN:70,(anonymous_4)
FN:79,(anonymous_5)
FN:88,(anonymous_6)
FN:98,(anonymous_7)
FN:99,(anonymous_8)
FN:108,(anonymous_9)
FN:117,(anonymous_10)
FN:126,(anonymous_11)
FN:135,(anonymous_12)
FN:145,(anonymous_13)
FN:146,(anonymous_14)
FN:155,(anonymous_15)
FN:165,(anonymous_16)
FN:166,(anonymous_17)
FN:174,(anonymous_18)
FN:183,(anonymous_19)
FN:184,(anonymous_20)
FN:192,(anonymous_21)
FN:200,(anonymous_22)
FN:209,(anonymous_23)
FN:210,(anonymous_24)
FNF:24
FNH:6
FNDA:0,(anonymous_1)
FNDA:1,(anonymous_2)
FNDA:0,(anonymous_3)
FNDA:0,(anonymous_4)
FNDA:0,(anonymous_5)
FNDA:0,(anonymous_6)
FNDA:1,(anonymous_7)
FNDA:0,(anonymous_8)
FNDA:0,(anonymous_9)
FNDA:0,(anonymous_10)
FNDA:0,(anonymous_11)
FNDA:0,(anonymous_12)
FNDA:1,(anonymous_13)
FNDA:0,(anonymous_14)
FNDA:0,(anonymous_15)
FNDA:1,(anonymous_16)
FNDA:0,(anonymous_17)
FNDA:0,(anonymous_18)
FNDA:1,(anonymous_19)
FNDA:0,(anonymous_20)
FNDA:0,(anonymous_21)
FNDA:0,(anonymous_22)
FNDA:1,(anonymous_23)
FNDA:0,(anonymous_24)
DA:5,1
DA:6,1
DA:7,1
DA:8,1
DA:19,1
DA:20,1
DA:27,1
DA:28,0
DA:33,0
DA:35,0
DA:41,0
DA:43,0
DA:48,0
DA:50,0
DA:56,0
DA:60,1
DA:61,1
DA:62,0
DA:66,0
DA:67,0
DA:70,1
DA:71,0
DA:75,0
DA:76,0
DA:79,1
DA:80,0
DA:84,0
DA:85,0
DA:88,1
DA:89,0
DA:93,0
DA:94,0
DA:98,1
DA:99,1
DA:100,0
DA:104,0
DA:105,0
DA:108,1
DA:109,0
DA:113,0
DA:114,0
DA:117,1
DA:118,0
DA:122,0
DA:123,0
DA:126,1
DA:127,0
DA:131,0
DA:132,0
DA:135,1
DA:136,0
DA:140,0
DA:141,0
DA:145,1
DA:146,1
DA:147,0
DA:151,0
DA:152,0
DA:155,1
DA:156,0
DA:160,0
DA:161,0
DA:165,1
DA:166,1
DA:167,0
DA:170,0
DA:171,0
DA:174,1
DA:175,0
DA:178,0
DA:179,0
DA:183,1
DA:184,1
DA:185,0
DA:188,0
DA:189,0
DA:192,1
DA:193,0
DA:196,0
DA:197,0
DA:200,1
DA:201,0
DA:204,0
DA:205,0
DA:209,1
DA:210,1
DA:211,0
DA:214,0
DA:215,0
LF:89
LH:30
BRF:0
BRH:0
end_of_record
TN:
SF:C:\mywebsites\Banka-1\server\tests/userTest.js
FN:31,(anonymous_1)
FN:47,(anonymous_2)
FN:48,(anonymous_3)
FN:49,(anonymous_4)
FN:57,(anonymous_5)
FN:65,(anonymous_6)
FN:74,(anonymous_7)
FN:75,(anonymous_8)
FN:83,(anonymous_9)
FN:91,(anonymous_10)
FN:99,(anonymous_11)
FN:108,(anonymous_12)
FN:109,(anonymous_13)
FN:118,(anonymous_14)
FN:127,(anonymous_15)
FN:136,(anonymous_16)
FN:145,(anonymous_17)
FN:154,(anonymous_18)
FNF:18
FNH:4
FNDA:0,(anonymous_1)
FNDA:1,(anonymous_2)
FNDA:1,(anonymous_3)
FNDA:0,(anonymous_4)
FNDA:0,(anonymous_5)
FNDA:0,(anonymous_6)
FNDA:1,(anonymous_7)
FNDA:0,(anonymous_8)
FNDA:0,(anonymous_9)
FNDA:0,(anonymous_10)
FNDA:0,(anonymous_11)
FNDA:1,(anonymous_12)
FNDA:0,(anonymous_13)
FNDA:0,(anonymous_14)
FNDA:0,(anonymous_15)
FNDA:0,(anonymous_16)
FNDA:0,(anonymous_17)
FNDA:0,(anonymous_18)
DA:5,1
DA:6,1
DA:7,1
DA:8,1
DA:25,1
DA:26,1
DA:31,1
DA:32,0
DA:37,0
DA:39,0
DA:44,0
DA:47,1
DA:48,1
DA:49,1
DA:50,0
DA:53,0
DA:54,0
DA:57,1
DA:58,0
DA:61,0
DA:62,0
DA:65,1
DA:66,0
DA:69,0
DA:70,0
DA:74,1
DA:75,1
DA:76,0
DA:79,0
DA:80,0
DA:83,1
DA:84,0
DA:87,0
DA:88,0
DA:91,1
DA:92,0
DA:95,0
DA:96,0
DA:99,1
DA:100,0
DA:103,0
DA:104,0
DA:108,1
DA:109,1
DA:110,0
DA:114,0
DA:115,0
DA:118,1
DA:119,0
DA:123,0
DA:124,0
DA:127,1
DA:128,0
DA:132,0
DA:133,0
DA:136,1
DA:137,0
DA:141,0
DA:142,0
DA:145,1
DA:146,0
DA:150,0
DA:151,0
DA:154,1
DA:155,0
DA:159,0
DA:160,0
LF:67
LH:24
BRF:0
BRH:0
end_of_record
